<?xml version="1.0" encoding="UTF-8"?>
<testsuite xmlns:xsi="http://www.w3.org/2001/XMLSchema-instance" xsi:noNamespaceSchemaLocation="https://maven.apache.org/surefire/maven-surefire-plugin/xsd/surefire-test-report.xsd" name="com.mc646.BoundedQueueTest" time="0.555" tests="1" errors="0" skipped="0" failures="1">
  <properties>
    <property name="sun.desktop" value="gnome"/>
    <property name="awt.toolkit" value="sun.awt.X11.XToolkit"/>
    <property name="java.specification.version" value="11"/>
    <property name="sun.cpu.isalist" value=""/>
    <property name="sun.jnu.encoding" value="UTF-8"/>
    <property name="java.class.path" value="/home/j/eclipse-workspace/Exercicio11/target/test-classes:/home/j/eclipse-workspace/Exercicio11/target/classes:/home/j/.m2/repository/org/graphwalker/graphwalker-core/4.3.2/graphwalker-core-4.3.2.jar:/home/j/.m2/repository/org/graalvm/sdk/graal-sdk/21.0.0.2/graal-sdk-21.0.0.2.jar:/home/j/.m2/repository/org/graalvm/js/js/21.0.0.2/js-21.0.0.2.jar:/home/j/.m2/repository/org/graalvm/regex/regex/21.0.0.2/regex-21.0.0.2.jar:/home/j/.m2/repository/com/ibm/icu/icu4j/67.1/icu4j-67.1.jar:/home/j/.m2/repository/org/graalvm/js/js-scriptengine/21.0.0.2/js-scriptengine-21.0.0.2.jar:/home/j/.m2/repository/org/graalvm/truffle/truffle-api/21.0.0.2/truffle-api-21.0.0.2.jar:/home/j/.m2/repository/org/graphwalker/graphwalker-io/4.3.2/graphwalker-io-4.3.2.jar:/home/j/.m2/repository/org/graphwalker/graphwalker-dsl/4.3.2/graphwalker-dsl-4.3.2.jar:/home/j/.m2/repository/org/antlr/antlr4-runtime/4.9.3/antlr4-runtime-4.9.3.jar:/home/j/.m2/repository/org/apache/xmlbeans/xmlbeans/3.1.0/xmlbeans-3.1.0.jar:/home/j/.m2/repository/org/reflections/reflections/0.10.2/reflections-0.10.2.jar:/home/j/.m2/repository/com/google/code/findbugs/jsr305/3.0.2/jsr305-3.0.2.jar:/home/j/.m2/repository/org/json/json/20210307/json-20210307.jar:/home/j/.m2/repository/commons-io/commons-io/2.11.0/commons-io-2.11.0.jar:/home/j/.m2/repository/org/apache/commons/commons-lang3/3.12.0/commons-lang3-3.12.0.jar:/home/j/.m2/repository/com/google/code/gson/gson/2.8.9/gson-2.8.9.jar:/home/j/.m2/repository/com/google/guava/guava/31.0.1-jre/guava-31.0.1-jre.jar:/home/j/.m2/repository/com/google/guava/failureaccess/1.0.1/failureaccess-1.0.1.jar:/home/j/.m2/repository/com/google/guava/listenablefuture/9999.0-empty-to-avoid-conflict-with-guava/listenablefuture-9999.0-empty-to-avoid-conflict-with-guava.jar:/home/j/.m2/repository/org/checkerframework/checker-qual/3.12.0/checker-qual-3.12.0.jar:/home/j/.m2/repository/com/google/errorprone/error_prone_annotations/2.7.1/error_prone_annotations-2.7.1.jar:/home/j/.m2/repository/com/google/j2objc/j2objc-annotations/1.3/j2objc-annotations-1.3.jar:/home/j/.m2/repository/org/graphwalker/graphwalker-java/4.3.2/graphwalker-java-4.3.2.jar:/home/j/.m2/repository/com/google/code/javaparser/javaparser/1.0.11/javaparser-1.0.11.jar:/home/j/.m2/repository/com/sun/xml/bind/jaxb-core/2.3.0.1/jaxb-core-2.3.0.1.jar:/home/j/.m2/repository/javax/xml/bind/jaxb-api/2.4.0-b180830.0359/jaxb-api-2.4.0-b180830.0359.jar:/home/j/.m2/repository/javax/activation/javax.activation-api/1.2.0/javax.activation-api-1.2.0.jar:/home/j/.m2/repository/com/sun/xml/bind/jaxb-impl/2.3.1/jaxb-impl-2.3.1.jar:/home/j/.m2/repository/org/javassist/javassist/3.28.0-GA/javassist-3.28.0-GA.jar:/home/j/.m2/repository/org/graphwalker/graphwalker-maven-plugin/4.3.2/graphwalker-maven-plugin-4.3.2.jar:/home/j/.m2/repository/org/apache/maven/maven-core/3.8.3/maven-core-3.8.3.jar:/home/j/.m2/repository/org/apache/maven/maven-model/3.8.3/maven-model-3.8.3.jar:/home/j/.m2/repository/org/apache/maven/maven-settings/3.8.3/maven-settings-3.8.3.jar:/home/j/.m2/repository/org/apache/maven/maven-settings-builder/3.8.3/maven-settings-builder-3.8.3.jar:/home/j/.m2/repository/org/codehaus/plexus/plexus-sec-dispatcher/2.0/plexus-sec-dispatcher-2.0.jar:/home/j/.m2/repository/org/codehaus/plexus/plexus-cipher/2.0/plexus-cipher-2.0.jar:/home/j/.m2/repository/org/apache/maven/maven-builder-support/3.8.3/maven-builder-support-3.8.3.jar:/home/j/.m2/repository/org/apache/maven/maven-repository-metadata/3.8.3/maven-repository-metadata-3.8.3.jar:/home/j/.m2/repository/org/apache/maven/maven-artifact/3.8.3/maven-artifact-3.8.3.jar:/home/j/.m2/repository/org/apache/maven/maven-model-builder/3.8.3/maven-model-builder-3.8.3.jar:/home/j/.m2/repository/org/apache/maven/maven-resolver-provider/3.8.3/maven-resolver-provider-3.8.3.jar:/home/j/.m2/repository/org/apache/maven/resolver/maven-resolver-impl/1.6.3/maven-resolver-impl-1.6.3.jar:/home/j/.m2/repository/org/apache/maven/resolver/maven-resolver-api/1.6.3/maven-resolver-api-1.6.3.jar:/home/j/.m2/repository/org/apache/maven/resolver/maven-resolver-spi/1.6.3/maven-resolver-spi-1.6.3.jar:/home/j/.m2/repository/org/apache/maven/resolver/maven-resolver-util/1.6.3/maven-resolver-util-1.6.3.jar:/home/j/.m2/repository/org/apache/maven/shared/maven-shared-utils/3.3.4/maven-shared-utils-3.3.4.jar:/home/j/.m2/repository/org/eclipse/sisu/org.eclipse.sisu.plexus/0.3.5/org.eclipse.sisu.plexus-0.3.5.jar:/home/j/.m2/repository/javax/annotation/javax.annotation-api/1.2/javax.annotation-api-1.2.jar:/home/j/.m2/repository/org/eclipse/sisu/org.eclipse.sisu.inject/0.3.5/org.eclipse.sisu.inject-0.3.5.jar:/home/j/.m2/repository/com/google/inject/guice/4.2.2/guice-4.2.2-no_aop.jar:/home/j/.m2/repository/aopalliance/aopalliance/1.0/aopalliance-1.0.jar:/home/j/.m2/repository/javax/inject/javax.inject/1/javax.inject-1.jar:/home/j/.m2/repository/org/codehaus/plexus/plexus-utils/3.3.0/plexus-utils-3.3.0.jar:/home/j/.m2/repository/org/codehaus/plexus/plexus-classworlds/2.6.0/plexus-classworlds-2.6.0.jar:/home/j/.m2/repository/org/codehaus/plexus/plexus-interpolation/1.26/plexus-interpolation-1.26.jar:/home/j/.m2/repository/org/codehaus/plexus/plexus-component-annotations/2.1.0/plexus-component-annotations-2.1.0.jar:/home/j/.m2/repository/org/apache/maven/maven-plugin-api/3.8.3/maven-plugin-api-3.8.3.jar:/home/j/.m2/repository/ch/qos/logback/logback-classic/1.2.3/logback-classic-1.2.3.jar:/home/j/.m2/repository/ch/qos/logback/logback-core/1.2.3/logback-core-1.2.3.jar:/home/j/.m2/repository/org/slf4j/slf4j-api/1.7.7/slf4j-api-1.7.7.jar:/home/j/.m2/repository/org/junit/jupiter/junit-jupiter-api/5.8.0/junit-jupiter-api-5.8.0.jar:/home/j/.m2/repository/org/opentest4j/opentest4j/1.2.0/opentest4j-1.2.0.jar:/home/j/.m2/repository/org/junit/platform/junit-platform-commons/1.8.0/junit-platform-commons-1.8.0.jar:/home/j/.m2/repository/org/apiguardian/apiguardian-api/1.1.2/apiguardian-api-1.1.2.jar:/home/j/.m2/repository/org/junit/jupiter/junit-jupiter-engine/5.8.0/junit-jupiter-engine-5.8.0.jar:/home/j/.m2/repository/org/junit/platform/junit-platform-engine/1.8.0/junit-platform-engine-1.8.0.jar:/home/j/.m2/repository/org/junit/platform/junit-platform-runner/1.2.0/junit-platform-runner-1.2.0.jar:/home/j/.m2/repository/org/junit/platform/junit-platform-launcher/1.2.0/junit-platform-launcher-1.2.0.jar:/home/j/.m2/repository/org/junit/platform/junit-platform-suite-api/1.2.0/junit-platform-suite-api-1.2.0.jar:/home/j/.m2/repository/junit/junit/4.12/junit-4.12.jar:/home/j/.m2/repository/org/hamcrest/hamcrest-core/1.3/hamcrest-core-1.3.jar:/home/j/.m2/repository/org/junit/jupiter/junit-jupiter-params/5.8.0/junit-jupiter-params-5.8.0.jar:src/test/java/:"/>
    <property name="java.vm.vendor" value="Ubuntu"/>
    <property name="sun.arch.data.model" value="64"/>
    <property name="java.vendor.url" value="https://ubuntu.com/"/>
    <property name="user.timezone" value=""/>
    <property name="java.vm.specification.version" value="11"/>
    <property name="os.name" value="Linux"/>
    <property name="sun.java.launcher" value="SUN_STANDARD"/>
    <property name="user.country" value="BR"/>
    <property name="sun.boot.library.path" value="/usr/lib/jvm/java-11-openjdk-amd64/lib"/>
    <property name="sun.java.command" value="/home/j/eclipse-workspace/Exercicio11/target/surefire/surefirebooter11733584466823369648.jar /home/j/eclipse-workspace/Exercicio11/target/surefire 2023-06-16T17-47-39_992-jvmRun1 surefire15509581447163054188tmp surefire_014815412230304766994tmp"/>
    <property name="jdk.debug" value="release"/>
    <property name="surefire.test.class.path" value="/home/j/eclipse-workspace/Exercicio11/target/test-classes:/home/j/eclipse-workspace/Exercicio11/target/classes:/home/j/.m2/repository/org/graphwalker/graphwalker-core/4.3.2/graphwalker-core-4.3.2.jar:/home/j/.m2/repository/org/graalvm/sdk/graal-sdk/21.0.0.2/graal-sdk-21.0.0.2.jar:/home/j/.m2/repository/org/graalvm/js/js/21.0.0.2/js-21.0.0.2.jar:/home/j/.m2/repository/org/graalvm/regex/regex/21.0.0.2/regex-21.0.0.2.jar:/home/j/.m2/repository/com/ibm/icu/icu4j/67.1/icu4j-67.1.jar:/home/j/.m2/repository/org/graalvm/js/js-scriptengine/21.0.0.2/js-scriptengine-21.0.0.2.jar:/home/j/.m2/repository/org/graalvm/truffle/truffle-api/21.0.0.2/truffle-api-21.0.0.2.jar:/home/j/.m2/repository/org/graphwalker/graphwalker-io/4.3.2/graphwalker-io-4.3.2.jar:/home/j/.m2/repository/org/graphwalker/graphwalker-dsl/4.3.2/graphwalker-dsl-4.3.2.jar:/home/j/.m2/repository/org/antlr/antlr4-runtime/4.9.3/antlr4-runtime-4.9.3.jar:/home/j/.m2/repository/org/apache/xmlbeans/xmlbeans/3.1.0/xmlbeans-3.1.0.jar:/home/j/.m2/repository/org/reflections/reflections/0.10.2/reflections-0.10.2.jar:/home/j/.m2/repository/com/google/code/findbugs/jsr305/3.0.2/jsr305-3.0.2.jar:/home/j/.m2/repository/org/json/json/20210307/json-20210307.jar:/home/j/.m2/repository/commons-io/commons-io/2.11.0/commons-io-2.11.0.jar:/home/j/.m2/repository/org/apache/commons/commons-lang3/3.12.0/commons-lang3-3.12.0.jar:/home/j/.m2/repository/com/google/code/gson/gson/2.8.9/gson-2.8.9.jar:/home/j/.m2/repository/com/google/guava/guava/31.0.1-jre/guava-31.0.1-jre.jar:/home/j/.m2/repository/com/google/guava/failureaccess/1.0.1/failureaccess-1.0.1.jar:/home/j/.m2/repository/com/google/guava/listenablefuture/9999.0-empty-to-avoid-conflict-with-guava/listenablefuture-9999.0-empty-to-avoid-conflict-with-guava.jar:/home/j/.m2/repository/org/checkerframework/checker-qual/3.12.0/checker-qual-3.12.0.jar:/home/j/.m2/repository/com/google/errorprone/error_prone_annotations/2.7.1/error_prone_annotations-2.7.1.jar:/home/j/.m2/repository/com/google/j2objc/j2objc-annotations/1.3/j2objc-annotations-1.3.jar:/home/j/.m2/repository/org/graphwalker/graphwalker-java/4.3.2/graphwalker-java-4.3.2.jar:/home/j/.m2/repository/com/google/code/javaparser/javaparser/1.0.11/javaparser-1.0.11.jar:/home/j/.m2/repository/com/sun/xml/bind/jaxb-core/2.3.0.1/jaxb-core-2.3.0.1.jar:/home/j/.m2/repository/javax/xml/bind/jaxb-api/2.4.0-b180830.0359/jaxb-api-2.4.0-b180830.0359.jar:/home/j/.m2/repository/javax/activation/javax.activation-api/1.2.0/javax.activation-api-1.2.0.jar:/home/j/.m2/repository/com/sun/xml/bind/jaxb-impl/2.3.1/jaxb-impl-2.3.1.jar:/home/j/.m2/repository/org/javassist/javassist/3.28.0-GA/javassist-3.28.0-GA.jar:/home/j/.m2/repository/org/graphwalker/graphwalker-maven-plugin/4.3.2/graphwalker-maven-plugin-4.3.2.jar:/home/j/.m2/repository/org/apache/maven/maven-core/3.8.3/maven-core-3.8.3.jar:/home/j/.m2/repository/org/apache/maven/maven-model/3.8.3/maven-model-3.8.3.jar:/home/j/.m2/repository/org/apache/maven/maven-settings/3.8.3/maven-settings-3.8.3.jar:/home/j/.m2/repository/org/apache/maven/maven-settings-builder/3.8.3/maven-settings-builder-3.8.3.jar:/home/j/.m2/repository/org/codehaus/plexus/plexus-sec-dispatcher/2.0/plexus-sec-dispatcher-2.0.jar:/home/j/.m2/repository/org/codehaus/plexus/plexus-cipher/2.0/plexus-cipher-2.0.jar:/home/j/.m2/repository/org/apache/maven/maven-builder-support/3.8.3/maven-builder-support-3.8.3.jar:/home/j/.m2/repository/org/apache/maven/maven-repository-metadata/3.8.3/maven-repository-metadata-3.8.3.jar:/home/j/.m2/repository/org/apache/maven/maven-artifact/3.8.3/maven-artifact-3.8.3.jar:/home/j/.m2/repository/org/apache/maven/maven-model-builder/3.8.3/maven-model-builder-3.8.3.jar:/home/j/.m2/repository/org/apache/maven/maven-resolver-provider/3.8.3/maven-resolver-provider-3.8.3.jar:/home/j/.m2/repository/org/apache/maven/resolver/maven-resolver-impl/1.6.3/maven-resolver-impl-1.6.3.jar:/home/j/.m2/repository/org/apache/maven/resolver/maven-resolver-api/1.6.3/maven-resolver-api-1.6.3.jar:/home/j/.m2/repository/org/apache/maven/resolver/maven-resolver-spi/1.6.3/maven-resolver-spi-1.6.3.jar:/home/j/.m2/repository/org/apache/maven/resolver/maven-resolver-util/1.6.3/maven-resolver-util-1.6.3.jar:/home/j/.m2/repository/org/apache/maven/shared/maven-shared-utils/3.3.4/maven-shared-utils-3.3.4.jar:/home/j/.m2/repository/org/eclipse/sisu/org.eclipse.sisu.plexus/0.3.5/org.eclipse.sisu.plexus-0.3.5.jar:/home/j/.m2/repository/javax/annotation/javax.annotation-api/1.2/javax.annotation-api-1.2.jar:/home/j/.m2/repository/org/eclipse/sisu/org.eclipse.sisu.inject/0.3.5/org.eclipse.sisu.inject-0.3.5.jar:/home/j/.m2/repository/com/google/inject/guice/4.2.2/guice-4.2.2-no_aop.jar:/home/j/.m2/repository/aopalliance/aopalliance/1.0/aopalliance-1.0.jar:/home/j/.m2/repository/javax/inject/javax.inject/1/javax.inject-1.jar:/home/j/.m2/repository/org/codehaus/plexus/plexus-utils/3.3.0/plexus-utils-3.3.0.jar:/home/j/.m2/repository/org/codehaus/plexus/plexus-classworlds/2.6.0/plexus-classworlds-2.6.0.jar:/home/j/.m2/repository/org/codehaus/plexus/plexus-interpolation/1.26/plexus-interpolation-1.26.jar:/home/j/.m2/repository/org/codehaus/plexus/plexus-component-annotations/2.1.0/plexus-component-annotations-2.1.0.jar:/home/j/.m2/repository/org/apache/maven/maven-plugin-api/3.8.3/maven-plugin-api-3.8.3.jar:/home/j/.m2/repository/ch/qos/logback/logback-classic/1.2.3/logback-classic-1.2.3.jar:/home/j/.m2/repository/ch/qos/logback/logback-core/1.2.3/logback-core-1.2.3.jar:/home/j/.m2/repository/org/slf4j/slf4j-api/1.7.7/slf4j-api-1.7.7.jar:/home/j/.m2/repository/org/junit/jupiter/junit-jupiter-api/5.8.0/junit-jupiter-api-5.8.0.jar:/home/j/.m2/repository/org/opentest4j/opentest4j/1.2.0/opentest4j-1.2.0.jar:/home/j/.m2/repository/org/junit/platform/junit-platform-commons/1.8.0/junit-platform-commons-1.8.0.jar:/home/j/.m2/repository/org/apiguardian/apiguardian-api/1.1.2/apiguardian-api-1.1.2.jar:/home/j/.m2/repository/org/junit/jupiter/junit-jupiter-engine/5.8.0/junit-jupiter-engine-5.8.0.jar:/home/j/.m2/repository/org/junit/platform/junit-platform-engine/1.8.0/junit-platform-engine-1.8.0.jar:/home/j/.m2/repository/org/junit/platform/junit-platform-runner/1.2.0/junit-platform-runner-1.2.0.jar:/home/j/.m2/repository/org/junit/platform/junit-platform-launcher/1.2.0/junit-platform-launcher-1.2.0.jar:/home/j/.m2/repository/org/junit/platform/junit-platform-suite-api/1.2.0/junit-platform-suite-api-1.2.0.jar:/home/j/.m2/repository/junit/junit/4.12/junit-4.12.jar:/home/j/.m2/repository/org/hamcrest/hamcrest-core/1.3/hamcrest-core-1.3.jar:/home/j/.m2/repository/org/junit/jupiter/junit-jupiter-params/5.8.0/junit-jupiter-params-5.8.0.jar:src/test/java/:"/>
    <property name="sun.cpu.endian" value="little"/>
    <property name="user.home" value="/home/j"/>
    <property name="user.language" value="pt"/>
    <property name="java.specification.vendor" value="Oracle Corporation"/>
    <property name="java.version.date" value="2023-04-18"/>
    <property name="java.home" value="/usr/lib/jvm/java-11-openjdk-amd64"/>
    <property name="file.separator" value="/"/>
    <property name="basedir" value="/home/j/eclipse-workspace/Exercicio11"/>
    <property name="java.vm.compressedOopsMode" value="Zero based"/>
    <property name="line.separator" value="&#10;"/>
    <property name="java.specification.name" value="Java Platform API Specification"/>
    <property name="java.vm.specification.vendor" value="Oracle Corporation"/>
    <property name="java.awt.graphicsenv" value="sun.awt.X11GraphicsEnvironment"/>
    <property name="surefire.real.class.path" value="/home/j/eclipse-workspace/Exercicio11/target/surefire/surefirebooter11733584466823369648.jar"/>
    <property name="sun.management.compiler" value="HotSpot 64-Bit Tiered Compilers"/>
    <property name="java.runtime.version" value="11.0.19+7-post-Ubuntu-0ubuntu122.04.1"/>
    <property name="user.name" value="j"/>
    <property name="path.separator" value=":"/>
    <property name="os.version" value="5.19.0-43-generic"/>
    <property name="java.runtime.name" value="OpenJDK Runtime Environment"/>
    <property name="file.encoding" value="UTF-8"/>
    <property name="java.vm.name" value="OpenJDK 64-Bit Server VM"/>
    <property name="localRepository" value="/home/j/.m2/repository"/>
    <property name="java.vendor.url.bug" value="https://bugs.launchpad.net/ubuntu/+source/openjdk-lts"/>
    <property name="java.io.tmpdir" value="/tmp"/>
    <property name="java.version" value="11.0.19"/>
    <property name="user.dir" value="/home/j/eclipse-workspace/Exercicio11"/>
    <property name="os.arch" value="amd64"/>
    <property name="java.vm.specification.name" value="Java Virtual Machine Specification"/>
    <property name="java.awt.printerjob" value="sun.print.PSPrinterJob"/>
    <property name="sun.os.patch.level" value="unknown"/>
    <property name="java.library.path" value="/usr/java/packages/lib:/usr/lib/x86_64-linux-gnu/jni:/lib/x86_64-linux-gnu:/usr/lib/x86_64-linux-gnu:/usr/lib/jni:/lib:/usr/lib"/>
    <property name="java.vm.info" value="mixed mode, sharing"/>
    <property name="java.vendor" value="Ubuntu"/>
    <property name="java.vm.version" value="11.0.19+7-post-Ubuntu-0ubuntu122.04.1"/>
    <property name="sun.io.unicode.encoding" value="UnicodeLittle"/>
    <property name="java.class.version" value="55.0"/>
  </properties>
  <testcase name="TestPath" classname="com.mc646.BoundedQueueTest" time="0.06">
    <failure message="expected: &lt;false&gt; but was: &lt;true&gt;" type="org.opentest4j.AssertionFailedError"><![CDATA[org.opentest4j.AssertionFailedError: expected: <false> but was: <true>
	at com.mc646.BoundedQueueTest.v_FilaNaoCheia(BoundedQueueTest.java:139)
	at com.mc646.BoundedQueueTest.TestPath(BoundedQueueTest.java:488)
]]></failure>
    <system-out><![CDATA[Running: v_Inicializa
Running: e_criaBoundedQueue
Running: v_FilaVazia
Running: e_Enfileira
Running: v_FilaNaoCheia
Running: e_EnfileiraNulo
Running: v_NullPointerException
Running: e_Reinicia
Running: v_Inicializa
Running: e_criaBoundedQueue
Running: v_FilaVazia
Running: e_DesenfileiraVazio
Running: v_ExecaoIlegalState
Running: e_Reinicia
Running: v_Inicializa
Running: e_criaBoundedQueue
Running: v_FilaVazia
Running: e_EnfileiraNulo
Running: v_NullPointerException
Running: e_Reinicia
Running: v_Inicializa
Running: e_criaBoundedQueue
Running: v_FilaVazia
Running: e_DesenfileiraVazio
Running: v_ExecaoIlegalState
Running: e_Reinicia
Running: v_Inicializa
Running: e_criaBoundedQueue
Running: v_FilaVazia
Running: e_DesenfileiraVazio
Running: v_ExecaoIlegalState
Running: e_Reinicia
Running: v_Inicializa
Running: e_criaBoundedQueue
Running: v_FilaVazia
Running: e_EnfileiraNulo
Running: v_NullPointerException
Running: e_Reinicia
Running: v_Inicializa
Running: e_criaBoundedQueue
Running: v_FilaVazia
Running: e_DesenfileiraVazio
Running: v_ExecaoIlegalState
Running: e_Reinicia
Running: v_Inicializa
Running: e_criaBoundedQueue
Running: v_FilaVazia
Running: e_Enfileira
Running: v_FilaNaoCheia
Running: e_EnfileiraNulo
Running: v_NullPointerException
Running: e_Reinicia
Running: v_Inicializa
Running: e_criaBoundedQueue
Running: v_FilaVazia
Running: e_Enfileira
Running: v_FilaNaoCheia
Running: e_EnfileiraNaoCheio
Running: v_FilaNaoCheia
Running: e_EnfileiraNulo
Running: v_NullPointerException
Running: e_Reinicia
Running: v_Inicializa
Running: e_criaBoundedQueue
Running: v_FilaVazia
Running: e_DesenfileiraVazio
Running: v_ExecaoIlegalState
Running: e_Reinicia
Running: v_Inicializa
Running: e_criaBoundedQueue
Running: v_FilaVazia
Running: e_DesenfileiraVazio
Running: v_ExecaoIlegalState
Running: e_Reinicia
Running: v_Inicializa
Running: e_criaBoundedQueue
Running: v_FilaVazia
Running: e_EnfileiraNulo
Running: v_NullPointerException
Running: e_Reinicia
Running: v_Inicializa
Running: e_criaBoundedQueue
Running: v_FilaVazia
Running: e_EnfileiraNulo
Running: v_NullPointerException
Running: e_Reinicia
Running: v_Inicializa
Running: e_criaBoundedQueue
Running: v_FilaVazia
Running: e_DesenfileiraVazio
Running: v_ExecaoIlegalState
Running: e_Reinicia
Running: v_Inicializa
Running: e_criaBoundedQueue
Running: v_FilaVazia
Running: e_EnfileiraNulo
Running: v_NullPointerException
Running: e_Reinicia
Running: v_Inicializa
Running: e_criaBoundedQueue
Running: v_FilaVazia
Running: e_DesenfileiraVazio
Running: v_ExecaoIlegalState
Running: e_Reinicia
Running: v_Inicializa
Running: e_criaBoundedQueue
Running: v_FilaVazia
Running: e_Enfileira
Running: v_FilaNaoCheia
Running: e_EnfileiraNulo
Running: v_NullPointerException
Running: e_Reinicia
Running: v_Inicializa
Running: e_criaBoundedQueue
Running: v_FilaVazia
Running: e_Enfileira
Running: v_FilaNaoCheia
Running: e_EnfileiraNulo
Running: v_NullPointerException
Running: e_Reinicia
Running: v_Inicializa
Running: e_criaBoundedQueue
Running: v_FilaVazia
Running: e_Enfileira
Running: v_FilaNaoCheia
Running: e_EnfileiraNulo
Running: v_NullPointerException
Running: e_Reinicia
Running: v_Inicializa
Running: e_criaBoundedQueue
Running: v_FilaVazia
Running: e_EnfileiraNulo
Running: v_NullPointerException
Running: e_Reinicia
Running: v_Inicializa
Running: e_criaBoundedQueue
Running: v_FilaVazia
Running: e_EnfileiraNulo
Running: v_NullPointerException
Running: e_Reinicia
Running: v_Inicializa
Running: e_criaBoundedQueue
Running: v_FilaVazia
Running: e_Enfileira
Running: v_FilaNaoCheia
Running: e_EnfileiraNulo
Running: v_NullPointerException
Running: e_Reinicia
Running: v_Inicializa
Running: e_criaBoundedQueue
Running: v_FilaVazia
Running: e_EnfileiraNulo
Running: v_NullPointerException
Running: e_Reinicia
Running: v_Inicializa
Running: e_criaBoundedQueue
Running: v_FilaVazia
Running: e_DesenfileiraVazio
Running: v_ExecaoIlegalState
Running: e_Reinicia
Running: v_Inicializa
Running: e_criaBoundedQueue
Running: v_FilaVazia
Running: e_EnfileiraNulo
Running: v_NullPointerException
Running: e_Reinicia
Running: v_Inicializa
Running: e_criaBoundedQueue
Running: v_FilaVazia
Running: e_DesenfileiraVazio
Running: v_ExecaoIlegalState
Running: e_Reinicia
Running: v_Inicializa
Running: e_criaBoundedQueue
Running: v_FilaVazia
Running: e_Enfileira
Running: v_FilaNaoCheia
Running: e_EnfileiraNulo
Running: v_NullPointerException
Running: e_Reinicia
Running: v_Inicializa
Running: e_criaBoundedQueue
Running: v_FilaVazia
Running: e_DesenfileiraVazio
Running: v_ExecaoIlegalState
Running: e_Reinicia
Running: v_Inicializa
Running: e_criaBoundedQueue
Running: v_FilaVazia
Running: e_DesenfileiraVazio
Running: v_ExecaoIlegalState
Running: e_Reinicia
Running: v_Inicializa
Running: e_criaBoundedQueue
Running: v_FilaVazia
Running: e_EnfileiraNulo
Running: v_NullPointerException
Running: e_Reinicia
Running: v_Inicializa
Running: e_criaBoundedQueue
Running: v_FilaVazia
Running: e_EnfileiraNulo
Running: v_NullPointerException
Running: e_Reinicia
Running: v_Inicializa
Running: e_criaBoundedQueue
Running: v_FilaVazia
Running: e_Enfileira
Running: v_FilaNaoCheia
Running: e_EnfileiraNulo
Running: v_NullPointerException
Running: e_Reinicia
Running: v_Inicializa
Running: e_criaBoundedQueue
Running: v_FilaVazia
Running: e_Enfileira
Running: v_FilaNaoCheia
Running: e_EnfileiraNaoCheio
Running: v_FilaNaoCheia
Running: e_EnfileiraNaoCheio
Running: v_FilaNaoCheia
Running: e_EnfileiraNulo
Running: v_NullPointerException
Running: e_Reinicia
Running: v_Inicializa
Running: e_criaBoundedQueue
Running: v_FilaVazia
Running: e_DesenfileiraVazio
Running: v_ExecaoIlegalState
Running: e_Reinicia
Running: v_Inicializa
Running: e_criaBoundedQueue
Running: v_FilaVazia
Running: e_DesenfileiraVazio
Running: v_ExecaoIlegalState
Running: e_Reinicia
Running: v_Inicializa
Running: e_criaBoundedQueue
Running: v_FilaVazia
Running: e_Enfileira
Running: v_FilaNaoCheia
Running: e_EnfileiraNaoCheio
Running: v_FilaNaoCheia
Running: e_EnfileiraNaoCheio
Running: v_FilaNaoCheia
Running: e_DesenfileiraNaoCheio
Running: v_FilaNaoCheia
Running: e_DesenfileiraNaoCheio
Running: v_FilaNaoCheia
Running: e_EnfileiraNaoCheio
Running: v_FilaNaoCheia
Running: e_EnfileiraNulo
Running: v_NullPointerException
Running: e_Reinicia
Running: v_Inicializa
Running: e_criaBoundedQueue
Running: v_FilaVazia
Running: e_DesenfileiraVazio
Running: v_ExecaoIlegalState
Running: e_Reinicia
Running: v_Inicializa
Running: e_criaBoundedQueue
Running: v_FilaVazia
Running: e_EnfileiraNulo
Running: v_NullPointerException
Running: e_Reinicia
Running: v_Inicializa
Running: e_criaBoundedQueue
Running: v_FilaVazia
Running: e_EnfileiraNulo
Running: v_NullPointerException
Running: e_Reinicia
Running: v_Inicializa
Running: e_criaBoundedQueue
Running: v_FilaVazia
Running: e_DesenfileiraVazio
Running: v_ExecaoIlegalState
Running: e_Reinicia
Running: v_Inicializa
Running: e_criaBoundedQueue
Running: v_FilaVazia
Running: e_Enfileira
Running: v_FilaNaoCheia
Running: e_EnfileiraNulo
Running: v_NullPointerException
Running: e_Reinicia
Running: v_Inicializa
Running: e_criaBoundedQueue
Running: v_FilaVazia
Running: e_Enfileira
Running: v_FilaNaoCheia
Running: e_DesenfileiraVazio
Running: v_FilaVazia
Running: e_Enfileira
Running: v_FilaNaoCheia
Running: e_DesenfileiraVazio
Running: v_FilaVazia
Running: e_EnfileiraNulo
Running: v_NullPointerException
Running: e_Reinicia
Running: v_Inicializa
Running: e_criaBoundedQueue
Running: v_FilaVazia
Running: e_EnfileiraNulo
Running: v_NullPointerException
Running: e_Reinicia
Running: v_Inicializa
Running: e_criaBoundedQueue
Running: v_FilaVazia
Running: e_Enfileira
Running: v_FilaNaoCheia
Running: e_EnfileiraNaoCheio
Running: v_FilaNaoCheia
Running: e_EnfileiraNaoCheio
Running: v_FilaNaoCheia
Running: e_EnfileiraNulo
Running: v_NullPointerException
Running: e_Reinicia
Running: v_Inicializa
Running: e_criaBoundedQueue
Running: v_FilaVazia
Running: e_EnfileiraNulo
Running: v_NullPointerException
Running: e_Reinicia
Running: v_Inicializa
Running: e_criaBoundedQueue
Running: v_FilaVazia
Running: e_Enfileira
Running: v_FilaNaoCheia
Running: e_EnfileiraNulo
Running: v_NullPointerException
Running: e_Reinicia
Running: v_Inicializa
Running: e_criaBoundedQueue
Running: v_FilaVazia
Running: e_Enfileira
Running: v_FilaNaoCheia
Running: e_DesenfileiraNaoCheio
Running: v_FilaNaoCheia
]]></system-out>
  </testcase>
</testsuite>